2020.10.14 10:28:58 INFO  started: Metals version 0.9.4 in workspace 'C:\Users\thexa\OneDrive\MagnusCMD\Scala\hello-world' for client vscode.
2020.10.14 10:28:59 INFO  time: initialize in 0.36s
2020.10.14 10:29:03 INFO  no build target: using presentation compiler with only scala-library
2020.10.14 10:29:03 WARN  no build target for: C:\Users\thexa\OneDrive\MagnusCMD\Scala\hello-world\src\main\scala\Main.scala
oct 14, 2020 10:29:03 AM org.eclipse.lsp4j.jsonrpc.RemoteEndpoint handleNotification
ADVERTENCIA: Notification threw an exception: {
  "jsonrpc": "2.0",
  "method": "textDocument/didOpen",
  "params": {
    "textDocument": {
      "uri": "file:///c%3A/Users/thexa/OneDrive/MagnusCMD/Scala/hello-world/HelloWorld.scala",
      "languageId": "scala",
      "version": 1,
      "text": "object HelloWorld {\r\n    def main(args: Array[String]) {\r\n        println(\"Hello, world!\")\r\n    }\r\n}"
    }
  }
}
java.lang.RuntimeException: java.lang.reflect.InvocationTargetException
	at org.eclipse.lsp4j.jsonrpc.services.GenericEndpoint.lambda$null$0(GenericEndpoint.java:67)
	at org.eclipse.lsp4j.jsonrpc.services.GenericEndpoint.notify(GenericEndpoint.java:152)
	at org.eclipse.lsp4j.jsonrpc.RemoteEndpoint.handleNotification(RemoteEndpoint.java:220)
	at org.eclipse.lsp4j.jsonrpc.RemoteEndpoint.consume(RemoteEndpoint.java:187)
	at org.eclipse.lsp4j.jsonrpc.json.StreamMessageProducer.handleMessage(StreamMessageProducer.java:194)
	at org.eclipse.lsp4j.jsonrpc.json.StreamMessageProducer.listen(StreamMessageProducer.java:94)
	at org.eclipse.lsp4j.jsonrpc.json.ConcurrentMessageProcessor.run(ConcurrentMessageProcessor.java:113)
	at java.util.concurrent.Executors$RunnableAdapter.call(Unknown Source)
	at java.util.concurrent.FutureTask.run(Unknown Source)
	at java.util.concurrent.ThreadPoolExecutor.runWorker(Unknown Source)
	at java.util.concurrent.ThreadPoolExecutor$Worker.run(Unknown Source)
	at java.lang.Thread.run(Unknown Source)
Caused by: java.lang.reflect.InvocationTargetException
	at sun.reflect.NativeMethodAccessorImpl.invoke0(Native Method)
	at sun.reflect.NativeMethodAccessorImpl.invoke(Unknown Source)
	at sun.reflect.DelegatingMethodAccessorImpl.invoke(Unknown Source)
	at java.lang.reflect.Method.invoke(Unknown Source)
	at org.eclipse.lsp4j.jsonrpc.services.GenericEndpoint.lambda$null$0(GenericEndpoint.java:65)
	... 11 more
Caused by: java.nio.file.NoSuchFileException: c:\Users\thexa\OneDrive\MagnusCMD\Scala\hello-world\HelloWorld.scala
	at sun.nio.fs.WindowsException.translateToIOException(Unknown Source)
	at sun.nio.fs.WindowsException.rethrowAsIOException(Unknown Source)
	at sun.nio.fs.WindowsException.rethrowAsIOException(Unknown Source)
	at sun.nio.fs.WindowsFileSystemProvider.newByteChannel(Unknown Source)
	at java.nio.file.Files.newByteChannel(Unknown Source)
	at java.nio.file.Files.newByteChannel(Unknown Source)
	at java.nio.file.Files.readAllBytes(Unknown Source)
	at scala.meta.internal.io.PlatformFileIO$.slurp(PlatformFileIO.scala:45)
	at scala.meta.internal.io.FileIO$.slurp(FileIO.scala:24)
	at scala.meta.internal.metals.MetalsLanguageServer.didOpen(MetalsLanguageServer.scala:804)
	... 16 more

oct 14, 2020 10:29:03 AM org.eclipse.lsp4j.jsonrpc.RemoteEndpoint fallbackResponseError
GRAVE: Internal error: java.lang.reflect.InvocationTargetException
java.lang.RuntimeException: java.lang.reflect.InvocationTargetException
	at org.eclipse.lsp4j.jsonrpc.services.GenericEndpoint.lambda$null$0(GenericEndpoint.java:67)
	at org.eclipse.lsp4j.jsonrpc.services.GenericEndpoint.request(GenericEndpoint.java:120)
	at org.eclipse.lsp4j.jsonrpc.RemoteEndpoint.handleRequest(RemoteEndpoint.java:261)
	at org.eclipse.lsp4j.jsonrpc.RemoteEndpoint.consume(RemoteEndpoint.java:190)
	at org.eclipse.lsp4j.jsonrpc.json.StreamMessageProducer.handleMessage(StreamMessageProducer.java:194)
	at org.eclipse.lsp4j.jsonrpc.json.StreamMessageProducer.listen(StreamMessageProducer.java:94)
	at org.eclipse.lsp4j.jsonrpc.json.ConcurrentMessageProcessor.run(ConcurrentMessageProcessor.java:113)
	at java.util.concurrent.Executors$RunnableAdapter.call(Unknown Source)
	at java.util.concurrent.FutureTask.run(Unknown Source)
	at java.util.concurrent.ThreadPoolExecutor.runWorker(Unknown Source)
	at java.util.concurrent.ThreadPoolExecutor$Worker.run(Unknown Source)
	at java.lang.Thread.run(Unknown Source)
Caused by: java.lang.reflect.InvocationTargetException
	at sun.reflect.NativeMethodAccessorImpl.invoke0(Native Method)
	at sun.reflect.NativeMethodAccessorImpl.invoke(Unknown Source)
	at sun.reflect.DelegatingMethodAccessorImpl.invoke(Unknown Source)
	at java.lang.reflect.Method.invoke(Unknown Source)
	at org.eclipse.lsp4j.jsonrpc.services.GenericEndpoint.lambda$null$0(GenericEndpoint.java:65)
	... 11 more
Caused by: java.nio.file.NoSuchFileException: c:\Users\thexa\OneDrive\MagnusCMD\Scala\hello-world\HelloWorld.scala
	at sun.nio.fs.WindowsException.translateToIOException(Unknown Source)
	at sun.nio.fs.WindowsException.rethrowAsIOException(Unknown Source)
	at sun.nio.fs.WindowsException.rethrowAsIOException(Unknown Source)
	at sun.nio.fs.WindowsFileSystemProvider.newByteChannel(Unknown Source)
	at java.nio.file.Files.newByteChannel(Unknown Source)
	at java.nio.file.Files.newByteChannel(Unknown Source)
	at java.nio.file.Files.readAllBytes(Unknown Source)
	at scala.meta.internal.io.PlatformFileIO$.slurp(PlatformFileIO.scala:45)
	at scala.meta.internal.io.FileIO$.slurp(FileIO.scala:24)
	at scala.meta.internal.mtags.CommonMtagsEnrichments$XtensionAbsolutePath.toInput(CommonMtagsEnrichments.scala:395)
	at scala.meta.internal.metals.MetalsEnrichments$XtensionAbsolutePathBuffers.toInputFromBuffers(MetalsEnrichments.scala:321)
	at scala.meta.internal.metals.Compilers.documentSymbol(Compilers.scala:188)
	at scala.meta.internal.metals.MetalsLanguageServer.$anonfun$documentSymbol$1(MetalsLanguageServer.scala:1144)
	at scala.meta.internal.metals.CancelTokens$.future(CancelTokens.scala:38)
	at scala.meta.internal.metals.MetalsLanguageServer.documentSymbol(MetalsLanguageServer.scala:1143)
	... 16 more

oct 14, 2020 10:29:03 AM org.eclipse.lsp4j.jsonrpc.RemoteEndpoint fallbackResponseError
GRAVE: Internal error: java.lang.reflect.InvocationTargetException
java.lang.RuntimeException: java.lang.reflect.InvocationTargetException
	at org.eclipse.lsp4j.jsonrpc.services.GenericEndpoint.lambda$null$0(GenericEndpoint.java:67)
	at org.eclipse.lsp4j.jsonrpc.services.GenericEndpoint.request(GenericEndpoint.java:120)
	at org.eclipse.lsp4j.jsonrpc.RemoteEndpoint.handleRequest(RemoteEndpoint.java:261)
	at org.eclipse.lsp4j.jsonrpc.RemoteEndpoint.consume(RemoteEndpoint.java:190)
	at org.eclipse.lsp4j.jsonrpc.json.StreamMessageProducer.handleMessage(StreamMessageProducer.java:194)
	at org.eclipse.lsp4j.jsonrpc.json.StreamMessageProducer.listen(StreamMessageProducer.java:94)
	at org.eclipse.lsp4j.jsonrpc.json.ConcurrentMessageProcessor.run(ConcurrentMessageProcessor.java:113)
	at java.util.concurrent.Executors$RunnableAdapter.call(Unknown Source)
	at java.util.concurrent.FutureTask.run(Unknown Source)
	at java.util.concurrent.ThreadPoolExecutor.runWorker(Unknown Source)
	at java.util.concurrent.ThreadPoolExecutor$Worker.run(Unknown Source)
	at java.lang.Thread.run(Unknown Source)
Caused by: java.lang.reflect.InvocationTargetException
	at sun.reflect.NativeMethodAccessorImpl.invoke0(Native Method)
	at sun.reflect.NativeMethodAccessorImpl.invoke(Unknown Source)
	at sun.reflect.DelegatingMethodAccessorImpl.invoke(Unknown Source)
	at java.lang.reflect.Method.invoke(Unknown Source)
	at org.eclipse.lsp4j.jsonrpc.services.GenericEndpoint.lambda$null$0(GenericEndpoint.java:65)
	... 11 more
Caused by: java.nio.file.NoSuchFileException: c:\Users\thexa\OneDrive\MagnusCMD\Scala\hello-world\HelloWorld.scala
	at sun.nio.fs.WindowsException.translateToIOException(Unknown Source)
	at sun.nio.fs.WindowsException.rethrowAsIOException(Unknown Source)
	at sun.nio.fs.WindowsException.rethrowAsIOException(Unknown Source)
	at sun.nio.fs.WindowsFileSystemProvider.newByteChannel(Unknown Source)
	at java.nio.file.Files.newByteChannel(Unknown Source)
	at java.nio.file.Files.newByteChannel(Unknown Source)
	at java.nio.file.Files.readAllBytes(Unknown Source)
	at scala.meta.internal.io.PlatformFileIO$.slurp(PlatformFileIO.scala:45)
	at scala.meta.internal.io.FileIO$.slurp(FileIO.scala:24)
	at scala.meta.internal.mtags.CommonMtagsEnrichments$XtensionAbsolutePath.toInput(CommonMtagsEnrichments.scala:395)
	at scala.meta.internal.metals.MetalsEnrichments$XtensionAbsolutePathBuffers.toInputFromBuffers(MetalsEnrichments.scala:321)
	at scala.meta.internal.metals.codeactions.StringActions.contribute(StringActions.scala:30)
	at scala.meta.internal.metals.CodeActionProvider$$anonfun$1.applyOrElse(CodeActionProvider.scala:37)
	at scala.meta.internal.metals.CodeActionProvider$$anonfun$1.applyOrElse(CodeActionProvider.scala:36)
	at scala.collection.immutable.List.collect(List.scala:323)
	at scala.meta.internal.metals.CodeActionProvider.codeActions(CodeActionProvider.scala:36)
	at scala.meta.internal.metals.MetalsLanguageServer.$anonfun$codeAction$1(MetalsLanguageServer.scala:1293)
	at scala.meta.internal.metals.CancelTokens$.future(CancelTokens.scala:38)
	at scala.meta.internal.metals.MetalsLanguageServer.codeAction(MetalsLanguageServer.scala:1292)
	... 16 more

oct 14, 2020 10:29:03 AM org.eclipse.lsp4j.jsonrpc.RemoteEndpoint fallbackResponseError
GRAVE: Internal error: java.lang.reflect.InvocationTargetException
java.lang.RuntimeException: java.lang.reflect.InvocationTargetException
	at org.eclipse.lsp4j.jsonrpc.services.GenericEndpoint.lambda$null$0(GenericEndpoint.java:67)
	at org.eclipse.lsp4j.jsonrpc.services.GenericEndpoint.request(GenericEndpoint.java:120)
	at org.eclipse.lsp4j.jsonrpc.RemoteEndpoint.handleRequest(RemoteEndpoint.java:261)
	at org.eclipse.lsp4j.jsonrpc.RemoteEndpoint.consume(RemoteEndpoint.java:190)
	at org.eclipse.lsp4j.jsonrpc.json.StreamMessageProducer.handleMessage(StreamMessageProducer.java:194)
	at org.eclipse.lsp4j.jsonrpc.json.StreamMessageProducer.listen(StreamMessageProducer.java:94)
	at org.eclipse.lsp4j.jsonrpc.json.ConcurrentMessageProcessor.run(ConcurrentMessageProcessor.java:113)
	at java.util.concurrent.Executors$RunnableAdapter.call(Unknown Source)
	at java.util.concurrent.FutureTask.run(Unknown Source)
	at java.util.concurrent.ThreadPoolExecutor.runWorker(Unknown Source)
	at java.util.concurrent.ThreadPoolExecutor$Worker.run(Unknown Source)
	at java.lang.Thread.run(Unknown Source)
Caused by: java.lang.reflect.InvocationTargetException
	at sun.reflect.NativeMethodAccessorImpl.invoke0(Native Method)
	at sun.reflect.NativeMethodAccessorImpl.invoke(Unknown Source)
	at sun.reflect.DelegatingMethodAccessorImpl.invoke(Unknown Source)
	at java.lang.reflect.Method.invoke(Unknown Source)
	at org.eclipse.lsp4j.jsonrpc.services.GenericEndpoint.lambda$null$0(GenericEndpoint.java:65)
	... 11 more
Caused by: java.nio.file.NoSuchFileException: c:\Users\thexa\OneDrive\MagnusCMD\Scala\hello-world\HelloWorld.scala
	at sun.nio.fs.WindowsException.translateToIOException(Unknown Source)
	at sun.nio.fs.WindowsException.rethrowAsIOException(Unknown Source)
	at sun.nio.fs.WindowsException.rethrowAsIOException(Unknown Source)
	at sun.nio.fs.WindowsFileSystemProvider.newByteChannel(Unknown Source)
	at java.nio.file.Files.newByteChannel(Unknown Source)
	at java.nio.file.Files.newByteChannel(Unknown Source)
	at java.nio.file.Files.readAllBytes(Unknown Source)
	at scala.meta.internal.io.PlatformFileIO$.slurp(PlatformFileIO.scala:45)
	at scala.meta.internal.io.FileIO$.slurp(FileIO.scala:24)
	at scala.meta.internal.mtags.CommonMtagsEnrichments$XtensionAbsolutePath.toInput(CommonMtagsEnrichments.scala:395)
	at scala.meta.internal.metals.MetalsEnrichments$XtensionAbsolutePathBuffers.toInputFromBuffers(MetalsEnrichments.scala:321)
	at scala.meta.internal.metals.Compilers.foldingRange(Compilers.scala:159)
	at scala.meta.internal.metals.MetalsLanguageServer.$anonfun$foldingRange$1(MetalsLanguageServer.scala:1311)
	at scala.meta.internal.metals.CancelTokens$.future(CancelTokens.scala:38)
	at scala.meta.internal.metals.MetalsLanguageServer.foldingRange(MetalsLanguageServer.scala:1311)
	... 16 more

oct 14, 2020 10:29:03 AM org.eclipse.lsp4j.jsonrpc.RemoteEndpoint handleCancellation
ADVERTENCIA: Unmatched cancel notification for request id 3
oct 14, 2020 10:29:03 AM org.eclipse.lsp4j.jsonrpc.RemoteEndpoint handleCancellation
ADVERTENCIA: Unmatched cancel notification for request id 2
oct 14, 2020 10:29:03 AM org.eclipse.lsp4j.jsonrpc.RemoteEndpoint handleCancellation
ADVERTENCIA: Unmatched cancel notification for request id 1
oct 14, 2020 10:29:03 AM org.eclipse.lsp4j.jsonrpc.RemoteEndpoint handleCancellation
ADVERTENCIA: Unmatched cancel notification for request id 5
2020.10.14 10:29:06 INFO  running 'C:\Program Files\Java\jre1.8.0_77\bin\java -Djline.terminal=jline.UnsupportedTerminal -Dsbt.log.noformat=true -Dfile.encoding=UTF-8 -jar C:\Users\thexa\AppData\Local\Temp\metals110582890976831953\sbt-launch.jar -Dbloop.export-jar-classifiers=sources bloopInstall'
2020.10.14 10:29:07 ERROR [info] [launcher] getting org.fusesource.jansi jansi 1.11  (this may take some time)...
2020.10.14 10:29:11 ERROR downloading https://repo1.maven.org/maven2/org/fusesource/jansi/jansi/1.11/jansi-1.11.jar ...
2020.10.14 10:29:11 ERROR :: loading settings :: url = jar:file:/C:/Users/thexa/AppData/Local/Temp/metals110582890976831953/sbt-launch.jar!/org/apache/ivy/core/settings/ivysettings.xml
2020.10.14 10:29:11 ERROR 	[SUCCESSFUL ] org.fusesource.jansi#jansi;1.11!jansi.jar (127ms)
2020.10.14 10:29:11 ERROR :: retrieving :: org.scala-sbt#boot-jansi
2020.10.14 10:29:11 ERROR 	confs: [default]
2020.10.14 10:29:11 ERROR :: loading settings :: url = jar:file:/C:/Users/thexa/AppData/Local/Temp/metals110582890976831953/sbt-launch.jar!/org/apache/ivy/core/settings/ivysettings.xml
2020.10.14 10:29:11 ERROR 	1 artifacts copied, 0 already retrieved
2020.10.14 10:29:11 ERROR [info] [launcher] getting org.scala-sbt sbt 1.3.2  (this may take some time)...
oct 14, 2020 10:29:21 AM org.eclipse.lsp4j.jsonrpc.services.GenericEndpoint notify
INFORMACIÓN: Unsupported notification method: $/setTraceNotification
2020.10.14 10:29:36 WARN  no build target for: C:\Users\thexa\OneDrive\MagnusCMD\Scala\hello-world\src\main\scala\Main.scala
2020.10.14 10:29:37 ERROR downloading https://repo1.maven.org/maven2/org/scala-lang/scala-library/2.12.10/scala-library-2.12.10.jar ...
2020.10.14 10:29:37 ERROR downloading https://repo1.maven.org/maven2/org/scala-sbt/run_2.12/1.3.2/run_2.12-1.3.2.jar ...
2020.10.14 10:29:37 ERROR downloading https://repo1.maven.org/maven2/org/scala-sbt/main_2.12/1.3.2/main_2.12-1.3.2.jar ...
2020.10.14 10:29:37 ERROR downloading https://repo1.maven.org/maven2/org/scala-sbt/io_2.12/1.3.1/io_2.12-1.3.1.jar ...
2020.10.14 10:29:37 ERROR downloading https://repo1.maven.org/maven2/org/scala-sbt/collections_2.12/1.3.2/collections_2.12-1.3.2.jar ...
2020.10.14 10:29:37 ERROR downloading https://repo1.maven.org/maven2/org/scala-sbt/command_2.12/1.3.2/command_2.12-1.3.2.jar ...
2020.10.14 10:29:37 ERROR downloading https://repo1.maven.org/maven2/org/scala-sbt/scripted-plugin_2.12/1.3.2/scripted-plugin_2.12-1.3.2.jar ...
2020.10.14 10:29:37 ERROR downloading https://repo1.maven.org/maven2/org/scala-sbt/actions_2.12/1.3.2/actions_2.12-1.3.2.jar ...
2020.10.14 10:29:37 ERROR downloading https://repo1.maven.org/maven2/org/scala-sbt/main-settings_2.12/1.3.2/main-settings_2.12-1.3.2.jar ...
2020.10.14 10:29:37 ERROR downloading https://repo1.maven.org/maven2/org/scala-sbt/logic_2.12/1.3.2/logic_2.12-1.3.2.jar ...
2020.10.14 10:29:37 ERROR downloading https://repo1.maven.org/maven2/org/scala-sbt/scripted-sbt-redux_2.12/1.3.2/scripted-sbt-redux_2.12-1.3.2.jar ...
2020.10.14 10:29:37 ERROR downloading https://repo1.maven.org/maven2/org/scala-sbt/sbt/1.3.2/sbt-1.3.2.jar ...
2020.10.14 10:29:37 ERROR :: loading settings :: url = jar:file:/C:/Users/thexa/AppData/Local/Temp/metals110582890976831953/sbt-launch.jar!/org/apache/ivy/core/settings/ivysettings.xml
2020.10.14 10:29:37 ERROR :: loading settings :: url = jar:file:/C:/Users/thexa/AppData/Local/Temp/metals110582890976831953/sbt-launch.jar!/org/apache/ivy/core/settings/ivysettings.xml
2020.10.14 10:29:37 ERROR :: loading settings :: url = jar:file:/C:/Users/thexa/AppData/Local/Temp/metals110582890976831953/sbt-launch.jar!/org/apache/ivy/core/settings/ivysettings.xml
2020.10.14 10:29:37 ERROR :: loading settings :: url = jar:file:/C:/Users/thexa/AppData/Local/Temp/metals110582890976831953/sbt-launch.jar!/org/apache/ivy/core/settings/ivysettings.xml
2020.10.14 10:29:37 ERROR :: loading settings :: url = jar:file:/C:/Users/thexa/AppData/Local/Temp/metals110582890976831953/sbt-launch.jar!/org/apache/ivy/core/settings/ivysettings.xml
2020.10.14 10:29:37 ERROR :: loading settings :: url = jar:file:/C:/Users/thexa/AppData/Local/Temp/metals110582890976831953/sbt-launch.jar!/org/apache/ivy/core/settings/ivysettings.xml
2020.10.14 10:29:37 ERROR :: loading settings :: url = jar:file:/C:/Users/thexa/AppData/Local/Temp/metals110582890976831953/sbt-launch.jar!/org/apache/ivy/core/settings/ivysettings.xml
2020.10.14 10:29:37 ERROR :: loading settings :: url = jar:file:/C:/Users/thexa/AppData/Local/Temp/metals110582890976831953/sbt-launch.jar!/org/apache/ivy/core/settings/ivysettings.xml
2020.10.14 10:29:37 ERROR :: loading settings :: url = jar:file:/C:/Users/thexa/AppData/Local/Temp/metals110582890976831953/sbt-launch.jar!/org/apache/ivy/core/settings/ivysettings.xml
2020.10.14 10:29:37 ERROR :: loading settings :: url = jar:file:/C:/Users/thexa/AppData/Local/Temp/metals110582890976831953/sbt-launch.jar!/org/apache/ivy/core/settings/ivysettings.xml
2020.10.14 10:29:37 ERROR 	[SUCCESSFUL ] org.scala-sbt#sbt;1.3.2!sbt.jar (417ms)
2020.10.14 10:29:37 ERROR downloading https://repo1.maven.org/maven2/org/scala-sbt/zinc-lm-integration_2.12/1.3.2/zinc-lm-integration_2.12-1.3.2.jar ...
2020.10.14 10:29:37 WARN  no build target for: C:\Users\thexa\OneDrive\MagnusCMD\Scala\hello-world\src\main\scala\Main.scala
2020.10.14 10:29:37 ERROR 	[SUCCESSFUL ] org.scala-sbt#run_2.12;1.3.2!run_2.12.jar (530ms)
2020.10.14 10:29:37 ERROR downloading https://repo1.maven.org/maven2/org/scala-lang/modules/scala-xml_2.12/1.2.0/scala-xml_2.12-1.2.0.jar ...
2020.10.14 10:29:37 ERROR 	[SUCCESSFUL ] org.scala-sbt#scripted-plugin_2.12;1.3.2!scripted-plugin_2.12.jar (553ms)
2020.10.14 10:29:37 ERROR downloading https://repo1.maven.org/maven2/org/scala-sbt/launcher-interface/1.1.3/launcher-interface-1.1.3.jar ...
2020.10.14 10:29:37 ERROR 	[SUCCESSFUL ] org.scala-sbt#logic_2.12;1.3.2!logic_2.12.jar (563ms)
2020.10.14 10:29:37 ERROR downloading https://repo1.maven.org/maven2/org/apache/logging/log4j/log4j-api/2.11.2/log4j-api-2.11.2.jar ...
2020.10.14 10:29:37 ERROR 	[SUCCESSFUL ] org.scala-sbt#scripted-sbt-redux_2.12;1.3.2!scripted-sbt-redux_2.12.jar (589ms)
2020.10.14 10:29:37 ERROR downloading https://repo1.maven.org/maven2/org/apache/logging/log4j/log4j-core/2.11.2/log4j-core-2.11.2.jar ...
2020.10.14 10:29:37 ERROR 	[SUCCESSFUL ] org.scala-sbt#main-settings_2.12;1.3.2!main-settings_2.12.jar (795ms)
2020.10.14 10:29:37 ERROR downloading https://repo1.maven.org/maven2/org/apache/logging/log4j/log4j-slf4j-impl/2.11.2/log4j-slf4j-impl-2.11.2.jar ...
2020.10.14 10:29:37 ERROR 	[SUCCESSFUL ] org.scala-sbt#zinc-lm-integration_2.12;1.3.2!zinc-lm-integration_2.12.jar (394ms)
2020.10.14 10:29:37 ERROR downloading https://repo1.maven.org/maven2/com/github/cb372/scalacache-caffeine_2.12/0.20.0/scalacache-caffeine_2.12-0.20.0.jar ...
2020.10.14 10:29:38 ERROR 	[SUCCESSFUL ] org.scala-sbt#launcher-interface;1.1.3!launcher-interface.jar (459ms)
2020.10.14 10:29:38 ERROR downloading https://repo1.maven.org/maven2/io/get-coursier/lm-coursier-shaded_2.12/2.0.0-RC3-4/lm-coursier-shaded_2.12-2.0.0-RC3-4.jar ...
2020.10.14 10:29:38 ERROR 	[SUCCESSFUL ] com.github.cb372#scalacache-caffeine_2.12;0.20.0!scalacache-caffeine_2.12.jar (232ms)
2020.10.14 10:29:38 ERROR 	[SUCCESSFUL ] org.apache.logging.log4j#log4j-slf4j-impl;2.11.2!log4j-slf4j-impl.jar (250ms)
2020.10.14 10:29:38 ERROR downloading https://repo1.maven.org/maven2/org/scala-sbt/util-logging_2.12/1.3.0/util-logging_2.12-1.3.0.jar ...
2020.10.14 10:29:38 ERROR downloading https://repo1.maven.org/maven2/org/scala-sbt/librarymanagement-core_2.12/1.3.0/librarymanagement-core_2.12-1.3.0.jar ...
2020.10.14 10:29:38 ERROR 	[SUCCESSFUL ] org.scala-sbt#collections_2.12;1.3.2!collections_2.12.jar (1103ms)
2020.10.14 10:29:38 ERROR downloading https://repo1.maven.org/maven2/org/scala-sbt/librarymanagement-ivy_2.12/1.3.0/librarymanagement-ivy_2.12-1.3.0.jar ...
2020.10.14 10:29:38 ERROR 	[SUCCESSFUL ] org.scala-sbt#command_2.12;1.3.2!command_2.12.jar (1166ms)
2020.10.14 10:29:38 ERROR downloading https://repo1.maven.org/maven2/org/scala-sbt/compiler-interface/1.3.0/compiler-interface-1.3.0.jar ...
2020.10.14 10:29:38 ERROR 	[SUCCESSFUL ] org.scala-sbt#actions_2.12;1.3.2!actions_2.12.jar (1507ms)
2020.10.14 10:29:38 ERROR downloading https://repo1.maven.org/maven2/org/scala-sbt/zinc-compile_2.12/1.3.0/zinc-compile_2.12-1.3.0.jar ...
2020.10.14 10:29:38 ERROR 	[SUCCESSFUL ] org.apache.logging.log4j#log4j-api;2.11.2!log4j-api.jar (1022ms)
2020.10.14 10:29:38 ERROR downloading https://repo1.maven.org/maven2/org/scala-sbt/util-relation_2.12/1.3.0/util-relation_2.12-1.3.0.jar ...
2020.10.14 10:29:38 ERROR 	[SUCCESSFUL ] org.scala-sbt#compiler-interface;1.3.0!compiler-interface.jar (476ms)
2020.10.14 10:29:38 ERROR downloading https://repo1.maven.org/maven2/com/eed3si9n/sjson-new-scalajson_2.12/0.8.2/sjson-new-scalajson_2.12-0.8.2.jar ...
2020.10.14 10:29:38 ERROR 	[SUCCESSFUL ] org.scala-sbt#io_2.12;1.3.1!io_2.12.jar (1794ms)
2020.10.14 10:29:38 ERROR downloading https://repo1.maven.org/maven2/org/scala-sbt/util-position_2.12/1.3.0/util-position_2.12-1.3.0.jar ...
2020.10.14 10:29:38 ERROR 	[SUCCESSFUL ] org.scala-sbt#zinc-compile_2.12;1.3.0!zinc-compile_2.12.jar (361ms)
2020.10.14 10:29:38 ERROR downloading https://repo1.maven.org/maven2/com/eed3si9n/shaded-scalajson_2.12/1.0.0-M4/shaded-scalajson_2.12-1.0.0-M4.jar ...
2020.10.14 10:29:38 ERROR 	[SUCCESSFUL ] org.scala-sbt#util-logging_2.12;1.3.0!util-logging_2.12.jar (826ms)
2020.10.14 10:29:38 ERROR downloading https://repo1.maven.org/maven2/org/spire-math/jawn-parser_2.12/0.10.4/jawn-parser_2.12-0.10.4.jar ...
2020.10.14 10:29:38 ERROR 	[SUCCESSFUL ] org.scala-sbt#util-relation_2.12;1.3.0!util-relation_2.12.jar (295ms)
2020.10.14 10:29:38 ERROR downloading https://repo1.maven.org/maven2/org/scala-sbt/completion_2.12/1.3.2/completion_2.12-1.3.2.jar ...
2020.10.14 10:29:38 ERROR 	[SUCCESSFUL ] com.eed3si9n#sjson-new-scalajson_2.12;0.8.2!sjson-new-scalajson_2.12.jar (294ms)
2020.10.14 10:29:38 ERROR downloading https://repo1.maven.org/maven2/org/scala-sbt/task-system_2.12/1.3.2/task-system_2.12-1.3.2.jar ...
2020.10.14 10:29:39 ERROR 	[SUCCESSFUL ] org.scala-sbt#util-position_2.12;1.3.0!util-position_2.12.jar (324ms)
2020.10.14 10:29:39 ERROR downloading https://repo1.maven.org/maven2/org/scala-sbt/tasks_2.12/1.3.2/tasks_2.12-1.3.2.jar ...
2020.10.14 10:29:39 ERROR 	[SUCCESSFUL ] com.eed3si9n#shaded-scalajson_2.12;1.0.0-M4!shaded-scalajson_2.12.jar (410ms)
2020.10.14 10:29:39 ERROR downloading https://repo1.maven.org/maven2/org/scala-sbt/testing_2.12/1.3.2/testing_2.12-1.3.2.jar ...
2020.10.14 10:29:39 ERROR 	[SUCCESSFUL ] org.scala-lang.modules#scala-xml_2.12;1.2.0!scala-xml_2.12.jar(bundle) (1871ms)
2020.10.14 10:29:39 ERROR downloading https://repo1.maven.org/maven2/org/scala-sbt/util-tracking_2.12/1.3.0/util-tracking_2.12-1.3.0.jar ...
2020.10.14 10:29:39 ERROR 	[SUCCESSFUL ] org.scala-sbt#tasks_2.12;1.3.2!tasks_2.12.jar (337ms)
2020.10.14 10:29:39 ERROR downloading https://repo1.maven.org/maven2/org/scala-sbt/zinc-classpath_2.12/1.3.0/zinc-classpath_2.12-1.3.0.jar ...
2020.10.14 10:29:39 ERROR 	[SUCCESSFUL ] org.scala-sbt#task-system_2.12;1.3.2!task-system_2.12.jar (524ms)
2020.10.14 10:29:39 ERROR downloading https://repo1.maven.org/maven2/org/scala-sbt/zinc-apiinfo_2.12/1.3.0/zinc-apiinfo_2.12-1.3.0.jar ...
2020.10.14 10:29:39 ERROR 	[SUCCESSFUL ] org.spire-math#jawn-parser_2.12;0.10.4!jawn-parser_2.12.jar (615ms)
2020.10.14 10:29:39 ERROR downloading https://repo1.maven.org/maven2/org/scala-sbt/zinc_2.12/1.3.0/zinc_2.12-1.3.0.jar ...
2020.10.14 10:29:39 ERROR 	[SUCCESSFUL ] org.scala-sbt#librarymanagement-core_2.12;1.3.0!librarymanagement-core_2.12.jar (1446ms)
2020.10.14 10:29:39 ERROR downloading https://repo1.maven.org/maven2/jline/jline/2.14.6/jline-2.14.6.jar ...
2020.10.14 10:29:39 ERROR 	[SUCCESSFUL ] org.scala-sbt#util-tracking_2.12;1.3.0!util-tracking_2.12.jar (361ms)
2020.10.14 10:29:39 ERROR downloading https://repo1.maven.org/maven2/org/scala-sbt/util-control_2.12/1.3.0/util-control_2.12-1.3.0.jar ...
2020.10.14 10:29:39 ERROR 	[SUCCESSFUL ] org.scala-sbt#zinc_2.12;1.3.0!zinc_2.12.jar (321ms)
2020.10.14 10:29:39 ERROR 	[SUCCESSFUL ] org.scala-sbt#zinc-classpath_2.12;1.3.0!zinc-classpath_2.12.jar (354ms)
2020.10.14 10:29:39 ERROR downloading https://repo1.maven.org/maven2/com/swoval/file-tree-views/2.1.3/file-tree-views-2.1.3.jar ...
2020.10.14 10:29:39 ERROR downloading https://repo1.maven.org/maven2/net/java/dev/jna/jna/4.5.0/jna-4.5.0.jar ...
2020.10.14 10:29:39 ERROR 	[SUCCESSFUL ] org.scala-sbt#zinc-apiinfo_2.12;1.3.0!zinc-apiinfo_2.12.jar (363ms)
2020.10.14 10:29:39 ERROR downloading https://repo1.maven.org/maven2/net/java/dev/jna/jna-platform/4.5.0/jna-platform-4.5.0.jar ...
2020.10.14 10:29:39 ERROR 	[SUCCESSFUL ] org.scala-sbt#testing_2.12;1.3.2!testing_2.12.jar (579ms)
2020.10.14 10:29:39 ERROR downloading https://repo1.maven.org/maven2/org/scala-sbt/util-interface/1.3.0/util-interface-1.3.0.jar ...
2020.10.14 10:29:39 ERROR 	[SUCCESSFUL ] org.scala-sbt#util-control_2.12;1.3.0!util-control_2.12.jar (99ms)
2020.10.14 10:29:39 ERROR 	[SUCCESSFUL ] org.scala-sbt#librarymanagement-ivy_2.12;1.3.0!librarymanagement-ivy_2.12.jar (1761ms)
2020.10.14 10:29:39 ERROR downloading https://repo1.maven.org/maven2/com/eed3si9n/sjson-new-core_2.12/0.8.3/sjson-new-core_2.12-0.8.3.jar ...
2020.10.14 10:29:39 ERROR downloading https://repo1.maven.org/maven2/com/lmax/disruptor/3.4.2/disruptor-3.4.2.jar ...
2020.10.14 10:29:40 ERROR 	[SUCCESSFUL ] org.scala-sbt#util-interface;1.3.0!util-interface.jar (297ms)
2020.10.14 10:29:40 ERROR downloading https://repo1.maven.org/maven2/com/google/protobuf/protobuf-java/3.7.0/protobuf-java-3.7.0.jar ...
2020.10.14 10:29:40 ERROR 	[SUCCESSFUL ] com.lmax#disruptor;3.4.2!disruptor.jar (397ms)
2020.10.14 10:29:40 ERROR downloading https://repo1.maven.org/maven2/org/scala-sbt/util-cache_2.12/1.3.0/util-cache_2.12-1.3.0.jar ...
2020.10.14 10:29:40 ERROR 	[SUCCESSFUL ] org.scala-sbt#completion_2.12;1.3.2!completion_2.12.jar (1477ms)
2020.10.14 10:29:40 ERROR downloading https://repo1.maven.org/maven2/com/eed3si9n/sjson-new-murmurhash_2.12/0.8.3/sjson-new-murmurhash_2.12-0.8.3.jar ...
2020.10.14 10:29:40 ERROR 	[SUCCESSFUL ] com.swoval#file-tree-views;2.1.3!file-tree-views.jar (614ms)
2020.10.14 10:29:40 ERROR downloading https://repo1.maven.org/maven2/org/scala-sbt/test-agent/1.3.2/test-agent-1.3.2.jar ...
2020.10.14 10:29:40 ERROR 	[SUCCESSFUL ] com.eed3si9n#sjson-new-murmurhash_2.12;0.8.3!sjson-new-murmurhash_2.12.jar (340ms)
2020.10.14 10:29:40 ERROR downloading https://repo1.maven.org/maven2/org/scala-sbt/test-interface/1.0/test-interface-1.0.jar ...
2020.10.14 10:29:40 ERROR 	[SUCCESSFUL ] org.scala-sbt#test-agent;1.3.2!test-agent.jar (364ms)
2020.10.14 10:29:40 ERROR downloading https://repo1.maven.org/maven2/org/scala-sbt/compiler-bridge_2.12/1.3.0/compiler-bridge_2.12-1.3.0.jar ...
2020.10.14 10:29:40 ERROR 	[SUCCESSFUL ] org.scala-sbt#util-cache_2.12;1.3.0!util-cache_2.12.jar (706ms)
2020.10.14 10:29:40 ERROR downloading https://repo1.maven.org/maven2/org/scala-sbt/zinc-classfile_2.12/1.3.0/zinc-classfile_2.12-1.3.0.jar ...
2020.10.14 10:29:40 ERROR 	[SUCCESSFUL ] org.scala-sbt#test-interface;1.0!test-interface.jar (308ms)
2020.10.14 10:29:40 ERROR downloading https://repo1.maven.org/maven2/com/jcraft/jsch/0.1.54/jsch-0.1.54.jar ...
2020.10.14 10:29:41 ERROR 	[SUCCESSFUL ] jline#jline;2.14.6!jline.jar (1702ms)
2020.10.14 10:29:41 ERROR downloading https://repo1.maven.org/maven2/com/eed3si9n/gigahorse-okhttp_2.12/0.5.0/gigahorse-okhttp_2.12-0.5.0.jar ...
2020.10.14 10:29:41 ERROR 	[SUCCESSFUL ] com.eed3si9n#sjson-new-core_2.12;0.8.3!sjson-new-core_2.12.jar (1567ms)
2020.10.14 10:29:41 ERROR downloading https://repo1.maven.org/maven2/com/squareup/okhttp3/okhttp-urlconnection/3.7.0/okhttp-urlconnection-3.7.0.jar ...
2020.10.14 10:29:41 ERROR 	[SUCCESSFUL ] org.scala-sbt#zinc-classfile_2.12;1.3.0!zinc-classfile_2.12.jar (469ms)
2020.10.14 10:29:41 ERROR downloading https://repo1.maven.org/maven2/com/eed3si9n/gigahorse-core_2.12/0.5.0/gigahorse-core_2.12-0.5.0.jar ...
2020.10.14 10:29:41 ERROR 	[SUCCESSFUL ] org.scala-sbt#compiler-bridge_2.12;1.3.0!compiler-bridge_2.12.jar (747ms)
2020.10.14 10:29:41 ERROR downloading https://repo1.maven.org/maven2/com/squareup/okhttp3/okhttp/3.14.2/okhttp-3.14.2.jar ...
2020.10.14 10:29:41 ERROR 	[SUCCESSFUL ] com.eed3si9n#gigahorse-okhttp_2.12;0.5.0!gigahorse-okhttp_2.12.jar (460ms)
2020.10.14 10:29:41 ERROR downloading https://repo1.maven.org/maven2/com/typesafe/ssl-config-core_2.12/0.4.0/ssl-config-core_2.12-0.4.0.jar ...
2020.10.14 10:29:41 ERROR 	[SUCCESSFUL ] com.jcraft#jsch;0.1.54!jsch.jar (693ms)
2020.10.14 10:29:41 ERROR downloading https://repo1.maven.org/maven2/org/reactivestreams/reactive-streams/1.0.2/reactive-streams-1.0.2.jar ...
2020.10.14 10:29:41 ERROR 	[SUCCESSFUL ] com.squareup.okhttp3#okhttp-urlconnection;3.7.0!okhttp-urlconnection.jar (404ms)
2020.10.14 10:29:41 ERROR downloading https://repo1.maven.org/maven2/org/slf4j/slf4j-api/1.7.26/slf4j-api-1.7.26.jar ...
2020.10.14 10:29:41 ERROR 	[SUCCESSFUL ] org.reactivestreams#reactive-streams;1.0.2!reactive-streams.jar (255ms)
2020.10.14 10:29:41 ERROR downloading https://repo1.maven.org/maven2/org/scala-lang/modules/scala-parser-combinators_2.12/1.1.2/scala-parser-combinators_2.12-1.1.2.jar ...
2020.10.14 10:29:41 ERROR 	[SUCCESSFUL ] com.eed3si9n#gigahorse-core_2.12;0.5.0!gigahorse-core_2.12.jar (547ms)
2020.10.14 10:29:41 ERROR downloading https://repo1.maven.org/maven2/com/typesafe/config/1.3.3/config-1.3.3.jar ...
2020.10.14 10:29:42 ERROR 	[SUCCESSFUL ] org.apache.logging.log4j#log4j-core;2.11.2!log4j-core.jar (4715ms)
2020.10.14 10:29:42 ERROR downloading https://repo1.maven.org/maven2/com/squareup/okio/okio/1.17.2/okio-1.17.2.jar ...
2020.10.14 10:29:42 ERROR 	[SUCCESSFUL ] org.slf4j#slf4j-api;1.7.26!slf4j-api.jar (532ms)
2020.10.14 10:29:42 ERROR downloading https://repo1.maven.org/maven2/org/scala-sbt/zinc-core_2.12/1.3.0/zinc-core_2.12-1.3.0.jar ...
2020.10.14 10:29:42 ERROR 	[SUCCESSFUL ] org.scala-lang.modules#scala-parser-combinators_2.12;1.1.2!scala-parser-combinators_2.12.jar(bundle) (696ms)
2020.10.14 10:29:42 ERROR downloading https://repo1.maven.org/maven2/org/scala-sbt/zinc-persist_2.12/1.3.0/zinc-persist_2.12-1.3.0.jar ...
2020.10.14 10:29:42 ERROR 	[SUCCESSFUL ] com.squareup.okhttp3#okhttp;3.14.2!okhttp.jar (1248ms)
2020.10.14 10:29:42 ERROR downloading https://repo1.maven.org/maven2/org/scala-sbt/zinc-compile-core_2.12/1.3.0/zinc-compile-core_2.12-1.3.0.jar ...
2020.10.14 10:29:42 ERROR 	[SUCCESSFUL ] com.squareup.okio#okio;1.17.2!okio.jar (525ms)
2020.10.14 10:29:42 ERROR downloading https://repo1.maven.org/maven2/com/trueaccord/scalapb/scalapb-runtime_2.12/0.6.0/scalapb-runtime_2.12-0.6.0.jar ...
2020.10.14 10:29:42 ERROR 	[SUCCESSFUL ] com.typesafe#config;1.3.3!config.jar(bundle) (930ms)
2020.10.14 10:29:42 ERROR downloading https://repo1.maven.org/maven2/com/trueaccord/lenses/lenses_2.12/0.4.12/lenses_2.12-0.4.12.jar ...
2020.10.14 10:29:42 ERROR 	[SUCCESSFUL ] com.typesafe#ssl-config-core_2.12;0.4.0!ssl-config-core_2.12.jar(bundle) (1490ms)
2020.10.14 10:29:42 ERROR downloading https://repo1.maven.org/maven2/com/lihaoyi/fastparse_2.12/0.4.2/fastparse_2.12-0.4.2.jar ...
2020.10.14 10:29:42 ERROR 	[SUCCESSFUL ] com.trueaccord.lenses#lenses_2.12;0.4.12!lenses_2.12.jar (379ms)
2020.10.14 10:29:42 ERROR downloading https://repo1.maven.org/maven2/com/lihaoyi/fastparse-utils_2.12/0.4.2/fastparse-utils_2.12-0.4.2.jar ...
2020.10.14 10:29:44 ERROR 	[SUCCESSFUL ] org.scala-sbt#zinc-compile-core_2.12;1.3.0!zinc-compile-core_2.12.jar (1087ms)
2020.10.14 10:29:44 ERROR downloading https://repo1.maven.org/maven2/com/lihaoyi/sourcecode_2.12/0.1.3/sourcecode_2.12-0.1.3.jar ...
2020.10.14 10:29:44 ERROR 	[SUCCESSFUL ] com.lihaoyi#fastparse-utils_2.12;0.4.2!fastparse-utils_2.12.jar (589ms)
2020.10.14 10:29:44 ERROR downloading https://repo1.maven.org/maven2/org/scala-sbt/sbinary_2.12/0.4.4/sbinary_2.12-0.4.4.jar ...
2020.10.14 10:29:44 ERROR 	[SUCCESSFUL ] org.scala-sbt#sbinary_2.12;0.4.4!sbinary_2.12.jar (367ms)
2020.10.14 10:29:44 ERROR downloading https://repo1.maven.org/maven2/org/scala-sbt/core-macros_2.12/1.3.2/core-macros_2.12-1.3.2.jar ...
2020.10.14 10:29:44 ERROR 	[SUCCESSFUL ] net.java.dev.jna#jna;4.5.0!jna.jar (4498ms)
2020.10.14 10:29:44 ERROR downloading https://repo1.maven.org/maven2/org/scala-sbt/protocol_2.12/1.3.2/protocol_2.12-1.3.2.jar ...
2020.10.14 10:29:44 ERROR 	[SUCCESSFUL ] com.lihaoyi#sourcecode_2.12;0.1.3!sourcecode_2.12.jar (474ms)
2020.10.14 10:29:44 ERROR downloading https://repo1.maven.org/maven2/org/scala-sbt/template-resolver/0.1/template-resolver-0.1.jar ...
2020.10.14 10:29:44 ERROR 	[SUCCESSFUL ] org.scala-sbt#core-macros_2.12;1.3.2!core-macros_2.12.jar (333ms)
2020.10.14 10:29:44 ERROR downloading https://repo1.maven.org/maven2/org/scala-sbt/ipcsocket/ipcsocket/1.0.0/ipcsocket-1.0.0.jar ...
2020.10.14 10:29:44 ERROR 	[SUCCESSFUL ] org.scala-sbt#template-resolver;0.1!template-resolver.jar (252ms)
2020.10.14 10:29:44 ERROR downloading https://repo1.maven.org/maven2/org/scala-lang/scala-compiler/2.12.10/scala-compiler-2.12.10.jar ...
2020.10.14 10:29:45 ERROR 	[SUCCESSFUL ] org.scala-sbt.ipcsocket#ipcsocket;1.0.0!ipcsocket.jar (312ms)
2020.10.14 10:29:45 ERROR downloading https://repo1.maven.org/maven2/org/scala-lang/scala-reflect/2.12.10/scala-reflect-2.12.10.jar ...
2020.10.14 10:29:45 ERROR 	[SUCCESSFUL ] com.google.protobuf#protobuf-java;3.7.0!protobuf-java.jar(bundle) (5048ms)
2020.10.14 10:29:45 ERROR downloading https://repo1.maven.org/maven2/org/scala-sbt/util-scripted_2.12/1.3.0/util-scripted_2.12-1.3.0.jar ...
2020.10.14 10:29:45 ERROR 	[SUCCESSFUL ] com.lihaoyi#fastparse_2.12;0.4.2!fastparse_2.12.jar (2108ms)
2020.10.14 10:29:45 ERROR downloading https://repo1.maven.org/maven2/com/github/cb372/scalacache-core_2.12/0.20.0/scalacache-core_2.12-0.20.0.jar ...
2020.10.14 10:29:45 ERROR 	[SUCCESSFUL ] org.scala-sbt#main_2.12;1.3.2!main_2.12.jar (8342ms)
2020.10.14 10:29:45 ERROR downloading https://repo1.maven.org/maven2/com/github/ben-manes/caffeine/caffeine/2.5.6/caffeine-2.5.6.jar ...
2020.10.14 10:29:45 ERROR 	[SUCCESSFUL ] org.scala-sbt#zinc-core_2.12;1.3.0!zinc-core_2.12.jar (3269ms)
2020.10.14 10:29:45 ERROR downloading https://repo1.maven.org/maven2/org/scala-sbt/ivy/ivy/2.3.0-sbt-cb9cc189e9f3af519f9f102e6c5d446488ff6832/ivy-2.3.0-sbt-cb9cc189e9f3af519f9f102e6c5d446488ff6832.jar ...
2020.10.14 10:29:45 ERROR 	[SUCCESSFUL ] org.scala-sbt#util-scripted_2.12;1.3.0!util-scripted_2.12.jar (488ms)
2020.10.14 10:29:45 ERROR 	[SUCCESSFUL ] org.scala-sbt#protocol_2.12;1.3.2!protocol_2.12.jar (1587ms)
2020.10.14 10:29:46 ERROR 	[SUCCESSFUL ] com.github.cb372#scalacache-core_2.12;0.20.0!scalacache-core_2.12.jar (749ms)
2020.10.14 10:29:46 ERROR 	[SUCCESSFUL ] net.java.dev.jna#jna-platform;4.5.0!jna-platform.jar (6424ms)
2020.10.14 10:29:48 ERROR 	[SUCCESSFUL ] com.trueaccord.scalapb#scalapb-runtime_2.12;0.6.0!scalapb-runtime_2.12.jar (5076ms)
2020.10.14 10:29:48 ERROR 	[SUCCESSFUL ] com.github.ben-manes.caffeine#caffeine;2.5.6!caffeine.jar (2730ms)
2020.10.14 10:29:48 ERROR 	[SUCCESSFUL ] org.scala-sbt#zinc-persist_2.12;1.3.0!zinc-persist_2.12.jar (5509ms)
2020.10.14 10:29:48 ERROR 	[SUCCESSFUL ] org.scala-sbt.ivy#ivy;2.3.0-sbt-cb9cc189e9f3af519f9f102e6c5d446488ff6832!ivy.jar (2858ms)
2020.10.14 10:29:49 ERROR 	[SUCCESSFUL ] org.scala-lang#scala-reflect;2.12.10!scala-reflect.jar (4725ms)
2020.10.14 10:29:51 ERROR 	[SUCCESSFUL ] org.scala-lang#scala-library;2.12.10!scala-library.jar (14471ms)
2020.10.14 10:29:53 ERROR 	[SUCCESSFUL ] io.get-coursier#lm-coursier-shaded_2.12;2.0.0-RC3-4!lm-coursier-shaded_2.12.jar (15330ms)
2020.10.14 10:29:53 ERROR 	[SUCCESSFUL ] org.scala-lang#scala-compiler;2.12.10!scala-compiler.jar (9255ms)
2020.10.14 10:29:53 ERROR :: retrieving :: org.scala-sbt#boot-app
2020.10.14 10:29:53 ERROR 	confs: [default]
2020.10.14 10:29:53 ERROR 	81 artifacts copied, 0 already retrieved
2020.10.14 10:29:53 ERROR [info] [launcher] getting Scala 2.12.10 (for sbt)...
2020.10.14 10:29:59 ERROR downloading https://repo1.maven.org/maven2/org/fusesource/jansi/jansi/1.12/jansi-1.12.jar ...
2020.10.14 10:29:59 ERROR downloading https://repo1.maven.org/maven2/org/scala-lang/modules/scala-xml_2.12/1.0.6/scala-xml_2.12-1.0.6.jar ...
2020.10.14 10:29:59 ERROR 	[SUCCESSFUL ] org.fusesource.jansi#jansi;1.12!jansi.jar (151ms)
2020.10.14 10:29:59 ERROR 	[SUCCESSFUL ] org.scala-lang.modules#scala-xml_2.12;1.0.6!scala-xml_2.12.jar(bundle) (376ms)
2020.10.14 10:29:59 ERROR :: retrieving :: org.scala-sbt#boot-scala
2020.10.14 10:29:59 ERROR 	confs: [default]
2020.10.14 10:29:59 ERROR 	6 artifacts copied, 0 already retrieved
2020.10.14 10:30:04 INFO  [info] Loading settings for project hello-world-build-build from metals.sbt ...
2020.10.14 10:30:06 INFO  [info] Loading project definition from C:\Users\thexa\OneDrive\MagnusCMD\Scala\hello-world\project\project
2020.10.14 10:30:28 INFO  [info] Loading settings for project hello-world-build from metals.sbt ...
2020.10.14 10:30:28 INFO  [info] Loading project definition from C:\Users\thexa\OneDrive\MagnusCMD\Scala\hello-world\project
2020.10.14 10:30:34 INFO  [success] Generated .bloop\hello-world-build.json
2020.10.14 10:30:34 INFO  [success] Total time: 5 s, completed 14-oct-2020 10:30:34
2020.10.14 10:30:35 INFO  [info] Loading settings for project hello-world from build.sbt ...
2020.10.14 10:30:35 INFO  [info] Set current project to hello-world (in build file:/C:/Users/thexa/OneDrive/MagnusCMD/Scala/hello-world/)
2020.10.14 10:30:43 INFO  [success] Generated .bloop\hello-world.json
2020.10.14 10:30:43 INFO  [success] Generated .bloop\hello-world-test.json
2020.10.14 10:30:43 INFO  [success] Total time: 8 s, completed 14-oct-2020 10:30:44
2020.10.14 10:30:43 INFO  build tool exit: 0
2020.10.14 10:30:44 INFO  time: ran 'sbt bloopInstall' in 1m37s
Starting the bsp launcher for bloop...
Opening a bsp server connection with 'bsp --protocol tcp --port 17548'...
Waiting for the bsp connection to come up...
Waiting for the bsp connection to come up...
Waiting for the bsp connection to come up...
Waiting for the bsp connection to come up...
Waiting for the bsp connection to come up...
Waiting for the bsp connection to come up...
Waiting for the bsp connection to come up...
Waiting for the bsp connection to come up...
Waiting for the bsp connection to come up...
Waiting for the bsp connection to come up...
Waiting for the bsp connection to come up...
Waiting for the bsp connection to come up...
Waiting for the bsp connection to come up...
Waiting for the bsp connection to come up...
Waiting for the bsp connection to come up...
Waiting for the bsp connection to come up...
Waiting for the bsp connection to come up...
Waiting for the bsp connection to come up...
Waiting for the bsp connection to come up...
Waiting for the bsp connection to come up...
Waiting for the bsp connection to come up...
Waiting for the bsp connection to come up...
Waiting for the bsp connection to come up...
Waiting for the bsp connection to come up...
Waiting for the bsp connection to come up...
Waiting for the bsp connection to come up...
Waiting for the bsp connection to come up...
Waiting for the bsp connection to come up...
Waiting for the bsp connection to come up...
Waiting for the bsp connection to come up...
Waiting for the bsp connection to come up...
error: Giving up on waiting for a connection, printing embedded bloop logs:
> No server running at 127.0.0.1:8212, let's fire one...
> Resolving ch.epfl.scala:bloop-frontend_2.12:1.4.4-13-408f4d80...
> Starting bloop server at 127.0.0.1:8212...
> Attempting a connection to the server...
error: The launcher failed to establish a bsp connection, aborting...
2020.10.14 10:31:15 ERROR Failed to connect with build server, no functionality will work.
java.lang.RuntimeException: The server did not start, got FailedToOpenBspConnection
	at bloop.launcher.LauncherMain.failPromise$1(Launcher.scala:95)
	at bloop.launcher.LauncherMain.runLauncher(Launcher.scala:122)
	at scala.meta.internal.metals.BloopServers$$anon$1.run(BloopServers.scala:111)
	at java.util.concurrent.Executors$RunnableAdapter.call(null)
	at java.util.concurrent.FutureTask.run(null)
	at java.util.concurrent.ThreadPoolExecutor.runWorker(null)
	at java.util.concurrent.ThreadPoolExecutor$Worker.run(null)
	at java.lang.Thread.run(null)

2020.10.14 10:31:20 INFO  shutting down Metals
